[21:23:01] [main/INFO] (FabricLoader) Loading for game Minecraft 1.17.1
[21:23:01] [main/INFO] (Fabric|Loader) [FabricLoader] Loading 50 mods:
	- fabric@0.39.2+1.17
	- fabric-api-base@0.3.0+a02b446318
	- fabric-api-lookup-api-v1@1.3.0+2f75c6ce18
	- fabric-biome-api-v1@3.2.0+b06cb95b18
	- fabric-blockrenderlayer-v1@1.1.5+a02b446318
	- fabric-command-api-v1@1.1.3+5ab9934c18
	- fabric-commands-v0@0.2.2+92519afa18
	- fabric-containers-v0@0.1.12+a02b446318
	- fabric-content-registries-v0@0.3.0+211ddf9518
	- fabric-crash-report-info-v1@0.1.5+be9da31018
	- fabric-dimensions-v1@2.0.11+6cefd57718
	- fabric-entity-events-v1@1.2.2+62e33f4118
	- fabric-events-interaction-v0@0.4.9+a722d8c018
	- fabric-events-lifecycle-v0@0.2.1+92519afa18
	- fabric-game-rule-api-v1@1.0.7+6cefd57718
	- fabric-item-api-v1@1.2.4+cbda931818
	- fabric-item-groups-v0@0.2.10+b7ab612118
	- fabric-key-binding-api-v1@1.0.4+cbda931818
	- fabric-keybindings-v0@0.2.2+36b77c3e18
	- fabric-lifecycle-events-v1@1.4.4+a02b446318
	- fabric-loot-tables-v1@1.0.4+a02b446318
	- fabric-mining-levels-v0@0.1.3+92519afa18
	- fabric-models-v0@0.3.0+a02b446318
	- fabric-networking-api-v1@1.0.13+2e8bd82f18
	- fabric-networking-blockentity-v0@0.2.11+a02b446318
	- fabric-networking-v0@0.3.2+92519afa18
	- fabric-object-builder-api-v1@1.10.9+cbda931818
	- fabric-object-builders-v0@0.7.3+a02b446318
	- fabric-particles-v1@0.2.4+a02b446318
	- fabric-registry-sync-v0@0.7.10+e2961fee18
	- fabric-renderer-api-v1@0.4.4+5f02c96918
	- fabric-renderer-indigo@0.4.8+a02b446318
	- fabric-renderer-registries-v1@3.2.1+b06cb95b18
	- fabric-rendering-data-attachment-v1@0.1.5+a02b446318
	- fabric-rendering-fluids-v1@0.1.13+a02b446318
	- fabric-rendering-v0@1.1.2+92519afa18
	- fabric-rendering-v1@1.8.0+b06cb95b18
	- fabric-resource-loader-v0@0.4.8+a00e834b18
	- fabric-screen-api-v1@1.0.4+155f865c18
	- fabric-screen-handler-api-v1@1.1.8+a02b446318
	- fabric-structure-api-v1@1.1.13+5ab9934c18
	- fabric-tag-extensions-v0@1.2.1+b06cb95b18
	- fabric-textures-v0@1.0.6+a02b446318
	- fabric-tool-attribute-api-v1@1.2.12+b7ab612118
	- fabric-transfer-api-v1@1.1.2+96bf6a7e18
	- fabricloader@0.11.6
	- geckolib3@3.0.13
	- java@16
	- minecraft@1.17.1
	- mymod@1.17.1-0.0.5
[21:23:02] [main/INFO] (mixin) SpongePowered MIXIN Subsystem Version=0.8.2 Source=file:/C:/Users/user/.gradle/caches/modules-2/files-2.1/net.fabricmc/sponge-mixin/0.9.4+mixin.0.8.2/ef410951e94c7f4939cc74c86f8df371827818a4/sponge-mixin-0.9.4+mixin.0.8.2.jar Service=Knot/Fabric Env=CLIENT
[21:23:02] [main/INFO] (Fabric|MixinBootstrap) Loaded Fabric development mappings for mixin remapper!
[21:23:02] [main/INFO] (mixin) Compatibility level set to JAVA_16
[21:23:02] [main/WARN] (mixin) @Mixin target net/minecraft/server/world/ServerWorld$ServerEntityHandler is public in fabric-lifecycle-events-v1.mixins.json:ServerWorldEntityLoaderMixin and should be specified in value
[21:23:02] [main/WARN] (mixin) @Mixin target net/minecraft/client/world/ClientWorld$ClientEntityHandler is public in fabric-lifecycle-events-v1.mixins.json:client.ClientWorldEntityLoaderMixin and should be specified in value
[21:23:02] [main/WARN] (mixin) @Mixin target net/minecraft/client/render/block/BlockModelRenderer$AmbientOcclusionCalculator is public in fabric-renderer-indigo.mixins.json:MixinAmbientOcclusionCalculator and should be specified in value
[21:23:02] [main/WARN] (mixin) @Mixin target net/minecraft/client/render/chunk/ChunkBuilder$BuiltChunk$RebuildTask is public in fabric-renderer-indigo.mixins.json:MixinChunkRebuildTask and should be specified in value
[21:23:02] [main/WARN] (mixin) @Mixin target net/minecraft/server/network/ServerPlayNetworkHandler$1 is public in fabric-events-interaction-v0.mixins.json:MixinServerPlayNetworkHandler and should be specified in value
[21:23:03] [main/WARN] (mixin) @Mixin target net/minecraft/village/TradeOffers$TypeAwareBuyForOneEmeraldFactory is public in fabric-object-builder-v1.mixins.json:TypeAwareTradeMixin and should be specified in value
[21:23:03] [main/WARN] (mixin) @Mixin target net/minecraft/client/font/FontManager$1 is public in fabric-resource-loader-v0.mixins.json:client.FontManagerResourceReloadListenerMixin and should be specified in value
[21:23:03] [main/WARN] (mixin) @Mixin target net/minecraft/server/command/GameRuleCommand$1 is public in fabric-game-rule-api-v1.mixins.json:GameRuleCommandVisitorMixin and should be specified in value
[21:23:03] [main/WARN] (mixin) @Mixin target net/minecraft/client/gui/screen/world/EditGameRulesScreen$RuleListWidget$1 is public in fabric-game-rule-api-v1.mixins.json:client.RuleListWidgetVisitorMixin and should be specified in value
[21:23:03] [main/WARN] (mixin) @Mixin target net/minecraft/server/world/ThreadedAnvilChunkStorage$EntityTracker is public in fabric-networking-api-v1.mixins.json:accessor.EntityTrackerAccessor and should be specified in value
[21:23:03] [main/WARN] (mixin) @Mixin target net/minecraft/client/particle/ParticleManager$SimpleSpriteProvider is public in fabric-particles-v1.mixins.json:ParticleManagerAccessor$SimpleSpriteProviderAccessor and should be specified in value
[21:23:03] [main/WARN] (mixin) @Mixin target net/minecraft/data/server/AbstractTagProvider$ObjectBuilder is public in fabric-tag-extensions-v0.mixins.json:MixinObjectBuilder and should be specified in value
[21:23:03] [main/WARN] (mixin) @Mixin target net/minecraft/tag/RequiredTagList$TagWrapper is public in fabric-tag-extensions-v0.mixins.json:MixinTagImpl and should be specified in value
[21:23:04] [main/WARN] (FileUtil) Configuration conflict: there is more than one oshi.properties file on the classpath
[21:23:04] [main/WARN] (FileUtil) Configuration conflict: there is more than one oshi.architecture.properties file on the classpath
[21:23:16] [Render thread/INFO] (Minecraft) Environment: authHost='https://authserver.mojang.com', accountsHost='https://api.mojang.com', sessionHost='https://sessionserver.mojang.com', servicesHost='https://api.minecraftservices.com', name='PROD'
[21:23:18] [Render thread/ERROR] (Minecraft) Failed to verify authentication
com.mojang.authlib.exceptions.InvalidCredentialsException: Status: 401
	at com.mojang.authlib.exceptions.MinecraftClientHttpException.toAuthenticationException(MinecraftClientHttpException.java:56) ~[authlib-2.3.31.jar:?]
	at com.mojang.authlib.yggdrasil.YggdrasilSocialInteractionsService.checkPrivileges(YggdrasilSocialInteractionsService.java:112) ~[authlib-2.3.31.jar:?]
	at com.mojang.authlib.yggdrasil.YggdrasilSocialInteractionsService.<init>(YggdrasilSocialInteractionsService.java:42) ~[authlib-2.3.31.jar:?]
	at com.mojang.authlib.yggdrasil.YggdrasilAuthenticationService.createSocialInteractionsService(YggdrasilAuthenticationService.java:151) ~[authlib-2.3.31.jar:?]
	at net.minecraft.client.MinecraftClient.createSocialInteractionsService(MinecraftClient.java:670) [minecraft-1.17.1-mapped-net.fabricmc.yarn-1.17.1+build.39-v2.jar:?]
	at net.minecraft.client.MinecraftClient.<init>(MinecraftClient.java:429) [minecraft-1.17.1-mapped-net.fabricmc.yarn-1.17.1+build.39-v2.jar:?]
	at net.minecraft.client.main.Main.main(Main.java:179) [minecraft-1.17.1-mapped-net.fabricmc.yarn-1.17.1+build.39-v2.jar:?]
	at jdk.internal.reflect.NativeMethodAccessorImpl.invoke0(Native Method) ~[?:?]
	at jdk.internal.reflect.NativeMethodAccessorImpl.invoke(NativeMethodAccessorImpl.java:78) ~[?:?]
	at jdk.internal.reflect.DelegatingMethodAccessorImpl.invoke(DelegatingMethodAccessorImpl.java:43) ~[?:?]
	at java.lang.reflect.Method.invoke(Method.java:567) ~[?:?]
	at net.fabricmc.loader.game.MinecraftGameProvider.launch(MinecraftGameProvider.java:234) [fabric-loader-0.11.6.jar:?]
	at net.fabricmc.loader.launch.knot.Knot.launch(Knot.java:153) [fabric-loader-0.11.6.jar:?]
	at net.fabricmc.loader.launch.knot.KnotClient.main(KnotClient.java:28) [fabric-loader-0.11.6.jar:?]
	at net.fabricmc.devlaunchinjector.Main.main(Main.java:86) [dev-launch-injector-0.2.1+build.8.jar:?]
Caused by: com.mojang.authlib.exceptions.MinecraftClientHttpException: Status: 401
	at com.mojang.authlib.minecraft.client.MinecraftClient.readInputStream(MinecraftClient.java:77) ~[authlib-2.3.31.jar:?]
	at com.mojang.authlib.minecraft.client.MinecraftClient.get(MinecraftClient.java:47) ~[authlib-2.3.31.jar:?]
	at com.mojang.authlib.yggdrasil.YggdrasilSocialInteractionsService.checkPrivileges(YggdrasilSocialInteractionsService.java:104) ~[authlib-2.3.31.jar:?]
	... 13 more
[21:23:18] [Render thread/INFO] (Minecraft) Setting user: Player591
[21:23:19] [Render thread/WARN] (mixin) @Inject(@At("INVOKE")) Shift.BY=3 on fabric-lifecycle-events-v1.mixins.json:client.WorldChunkMixin::handler$zzn000$onLoadBlockEntity exceeds the maximum allowed value: 0. Increase the value of maxShiftBy to suppress this warning.
[21:23:19] [Render thread/INFO] (Minecraft) [STDOUT]: Hello Fabric world!
[21:23:19] [Render thread/ERROR] (Minecraft) No data fixer registered for geoexampleentity
[21:23:19] [Render thread/ERROR] (Minecraft) No data fixer registered for bikeentity
[21:23:19] [Render thread/ERROR] (Minecraft) No data fixer registered for rocketprojectile
[21:23:20] [Render thread/INFO] (Indigo) [Indigo] Registering Indigo renderer!
[21:23:20] [Render thread/INFO] (Minecraft) Backend library: LWJGL version 3.2.2 build 10
[21:23:24] [Render thread/INFO] (Minecraft) Narrator library for x64 successfully loaded
[21:23:24] [Render thread/INFO] (Minecraft) Reloading ResourceManager: Default, Fabric Mods (Fabric Renderer API (v1), Fabric Key Bindings (v0), Fabric Loader, Fabric Transfer API (v1), Fabric Structure API (v1), Fabric Containers (v0), Fabric Object Builder API (v1), Fabric Dimensions API (v1), Fabric Game Rule API (v1), Fabric API Base, Fabric Rendering Data Attachment (v1), Fabric Textures (v0), Fabric Rendering Fluids (v1), Fabric BlockRenderLayer Registration (v1), Fabric Lifecycle Events (v1), Fabric Renderer Registries (v1), Fabric Loot Tables (v1), Fabric API, Fabric Particles (v1), Fabric Networking (v0), Fabric API Lookup API (v1), Fabric Networking Block Entity (v0), Fabric Screen Handler API (v1), Fabric Command API (v1), Fabric Screen API (v1), Fabric Tool Attribute API (v1), Fabric Renderer - Indigo, Fabric Item API (v1), Fabric Crash Report Info (v1), Fabric Events Interaction (v0), Fabric Entity Events (v1), Fabric Rendering (v0), Fabric Key Binding API (v1), Fabric Rendering (v1), Fabric Resource Loader (v0), Fabric Content Registries (v0), Fabric Tag Extensions (v0), Fabric Biome API (v1), Fabric Commands (v0), Fabric Registry Sync (v0), My mod, Fabric Mining Levels (v0), Fabric Networking API (v1), Fabric Events Lifecycle (v0), Fabric Item Groups (v0), Fabric Models (v0), Geckolib, Fabric Object Builders (v0))
[21:23:25] [Render thread/INFO] (modid) This line is printed by an example mod mixin!
[21:23:26] [Realms Notification Availability checker #1/INFO] (Minecraft) Could not authorize you against Realms server: Invalid session id
[21:23:33] [Worker-Main-14/WARN] (Minecraft) Unable to load model: 'geckolib3:botariumblock#inventory' referenced from: geckolib3:botariumblock#inventory: java.io.FileNotFoundException: geckolib3:models/item/botariumblock.json
[21:23:33] [Worker-Main-14/WARN] (Minecraft) Unable to load model: 'geckolib3:fertilizerblock#inventory' referenced from: geckolib3:fertilizerblock#inventory: java.io.FileNotFoundException: geckolib3:models/item/fertilizerblock.json
[21:23:35] [Render thread/INFO] (Minecraft) OpenAL initialized.
[21:23:35] [Render thread/INFO] (Minecraft) Sound engine started
[21:23:36] [Render thread/INFO] (Minecraft) Created: 1024x1024x4 minecraft:textures/atlas/blocks.png-atlas
[21:23:37] [Render thread/INFO] (Minecraft) Created: 256x128x4 minecraft:textures/atlas/signs.png-atlas
[21:23:37] [Render thread/INFO] (Minecraft) Created: 1024x512x4 minecraft:textures/atlas/banner_patterns.png-atlas
[21:23:37] [Render thread/INFO] (Minecraft) Created: 1024x512x4 minecraft:textures/atlas/shield_patterns.png-atlas
[21:23:37] [Render thread/INFO] (Minecraft) Created: 256x256x4 minecraft:textures/atlas/chest.png-atlas
[21:23:37] [Render thread/INFO] (Minecraft) Created: 512x256x4 minecraft:textures/atlas/beds.png-atlas
[21:23:37] [Render thread/INFO] (Minecraft) Created: 512x256x4 minecraft:textures/atlas/shulker_boxes.png-atlas
[21:23:41] [Render thread/INFO] (Minecraft) Created: 256x256x0 minecraft:textures/atlas/particles.png-atlas
[21:23:41] [Render thread/INFO] (Minecraft) Created: 256x256x0 minecraft:textures/atlas/paintings.png-atlas
[21:23:41] [Render thread/INFO] (Minecraft) Created: 256x128x0 minecraft:textures/atlas/mob_effects.png-atlas
[21:23:41] [Render thread/INFO] (modid) This line is printed by an example mod mixin!
[21:23:51] [Render thread/WARN] (Minecraft) Ambiguity between arguments [teleport, location] and [teleport, destination] with inputs: [0.1 -0.5 .9, 0 0 0]
[21:23:51] [Render thread/WARN] (Minecraft) Ambiguity between arguments [teleport, location] and [teleport, targets] with inputs: [0.1 -0.5 .9, 0 0 0]
[21:23:51] [Render thread/WARN] (Minecraft) Ambiguity between arguments [teleport, destination] and [teleport, targets] with inputs: [Player, 0123, @e, dd12be42-52a9-4a91-a8a1-11c01849e498]
[21:23:51] [Render thread/WARN] (Minecraft) Ambiguity between arguments [teleport, targets] and [teleport, destination] with inputs: [Player, 0123, dd12be42-52a9-4a91-a8a1-11c01849e498]
[21:23:51] [Render thread/WARN] (Minecraft) Ambiguity between arguments [teleport, targets, location] and [teleport, targets, destination] with inputs: [0.1 -0.5 .9, 0 0 0]
[21:23:51] [Render thread/INFO] (Minecraft) Reloading ResourceManager: Default, Fabric Mods (Fabric Tool Attribute API (v1))
[21:23:51] [Render thread/INFO] (Minecraft) Loaded 7 recipes
[21:23:52] [Render thread/INFO] (Minecraft) Loaded 1137 advancements
[21:23:52] [Render thread/INFO] (BiomeModificationImpl) Applied 0 biome modifications to 0 of 81 new biomes in 3.140 ms
[21:23:54] [Render thread/INFO] (Minecraft) Environment: authHost='https://authserver.mojang.com', accountsHost='https://api.mojang.com', sessionHost='https://sessionserver.mojang.com', servicesHost='https://api.minecraftservices.com', name='PROD'
[21:23:54] [Server thread/INFO] (Minecraft) Starting integrated minecraft server version 1.17.1
[21:23:54] [Server thread/INFO] (Minecraft) Generating keypair
[21:23:55] [Server thread/INFO] (Minecraft) Preparing start region for dimension minecraft:overworld
[21:23:58] [Render thread/INFO] (Minecraft) Preparing spawn area: 0%
[21:24:07] [Render thread/INFO] (Minecraft) Preparing spawn area: 0%
[21:24:07] [Render thread/INFO] (Minecraft) Preparing spawn area: 0%
[21:24:07] [Render thread/INFO] (Minecraft) Preparing spawn area: 0%
[21:24:07] [Render thread/INFO] (Minecraft) Preparing spawn area: 0%
[21:24:07] [Render thread/INFO] (Minecraft) Preparing spawn area: 0%
[21:24:07] [Render thread/INFO] (Minecraft) Preparing spawn area: 0%
[21:24:07] [Render thread/INFO] (Minecraft) Preparing spawn area: 0%
[21:24:07] [Render thread/INFO] (Minecraft) Preparing spawn area: 0%
[21:24:07] [Render thread/INFO] (Minecraft) Preparing spawn area: 0%
[21:24:07] [Render thread/INFO] (Minecraft) Preparing spawn area: 0%
[21:24:07] [Render thread/INFO] (Minecraft) Preparing spawn area: 0%
[21:24:07] [Render thread/INFO] (Minecraft) Preparing spawn area: 0%
[21:24:07] [Render thread/INFO] (Minecraft) Preparing spawn area: 0%
[21:24:07] [Render thread/INFO] (Minecraft) Preparing spawn area: 0%
[21:24:07] [Render thread/INFO] (Minecraft) Preparing spawn area: 0%
[21:24:07] [Render thread/INFO] (Minecraft) Preparing spawn area: 0%
[21:24:07] [Render thread/INFO] (Minecraft) Preparing spawn area: 0%
[21:24:07] [Render thread/INFO] (Minecraft) Preparing spawn area: 0%
[21:24:07] [Render thread/INFO] (Minecraft) Preparing spawn area: 0%
[21:24:07] [Render thread/INFO] (Minecraft) Preparing spawn area: 0%
[21:24:07] [Render thread/INFO] (Minecraft) Preparing spawn area: 0%
[21:24:07] [Render thread/INFO] (Minecraft) Preparing spawn area: 0%
[21:24:07] [Render thread/INFO] (Minecraft) Preparing spawn area: 0%
[21:24:07] [Render thread/INFO] (Minecraft) Preparing spawn area: 0%
[21:24:08] [Render thread/INFO] (Minecraft) Preparing spawn area: 24%
[21:24:09] [Render thread/INFO] (Minecraft) Preparing spawn area: 37%
[21:24:09] [Render thread/INFO] (Minecraft) Preparing spawn area: 37%
[21:24:10] [Render thread/INFO] (Minecraft) Preparing spawn area: 83%
[21:24:10] [Render thread/INFO] (Minecraft) Preparing spawn area: 83%
[21:24:10] [Render thread/INFO] (Minecraft) Preparing spawn area: 83%
[21:24:11] [Render thread/INFO] (Minecraft) Preparing spawn area: 84%
[21:24:11] [Render thread/INFO] (Minecraft) Preparing spawn area: 84%
[21:24:12] [Render thread/INFO] (Minecraft) Preparing spawn area: 90%
[21:24:12] [Render thread/INFO] (Minecraft) Preparing spawn area: 93%
[21:24:13] [Render thread/INFO] (Minecraft) Preparing spawn area: 98%
[21:24:13] [Render thread/INFO] (Minecraft) Time elapsed: 17969 ms
[21:24:13] [Server thread/INFO] (Minecraft) Changing view distance to 11, from 10
[21:24:15] [Server thread/INFO] (Minecraft) Player591[local:E:1cc102fb] logged in with entity id 204 at (206.011318906331, 68.0, 263.8987049576573)
[21:24:15] [Server thread/INFO] (Minecraft) Player591 joined the game
[21:24:16] [Server thread/INFO] (Minecraft) Saving and pausing game...
[21:24:16] [Server thread/INFO] (Minecraft) Saving chunks for level 'ServerLevel[New World]'/minecraft:overworld
[21:24:16] [Render thread/INFO] (Minecraft) Loaded 0 advancements
[21:24:17] [Server thread/INFO] (Minecraft) Saving chunks for level 'ServerLevel[New World]'/minecraft:the_nether
[21:24:17] [Server thread/INFO] (Minecraft) Saving chunks for level 'ServerLevel[New World]'/minecraft:the_end
[21:24:17] [Server thread/WARN] (Minecraft) Can't keep up! Is the server overloaded? Running 2904ms or 58 ticks behind
[21:24:25] [Server thread/WARN] (Minecraft) Exception loading entity: 
java.lang.NullPointerException: Cannot invoke "net.minecraft.entity.attribute.DefaultAttributeContainer.getValue(net.minecraft.entity.attribute.EntityAttribute)" because "this.fallback" is null
	at net.minecraft.entity.attribute.AttributeContainer.getValue(AttributeContainer.java:62) ~[minecraft-1.17.1-mapped-net.fabricmc.yarn-1.17.1+build.39-v2.jar:?]
	at net.minecraft.entity.LivingEntity.getAttributeValue(LivingEntity.java:1860) ~[minecraft-1.17.1-mapped-net.fabricmc.yarn-1.17.1+build.39-v2.jar:?]
	at net.minecraft.entity.LivingEntity.getMaxHealth(LivingEntity.java:1659) ~[minecraft-1.17.1-mapped-net.fabricmc.yarn-1.17.1+build.39-v2.jar:?]
	at net.minecraft.entity.LivingEntity.<init>(LivingEntity.java:240) ~[minecraft-1.17.1-mapped-net.fabricmc.yarn-1.17.1+build.39-v2.jar:?]
	at net.minecraft.entity.mob.MobEntity.<init>(MobEntity.java:122) ~[minecraft-1.17.1-mapped-net.fabricmc.yarn-1.17.1+build.39-v2.jar:?]
	at net.minecraft.entity.mob.PathAwareEntity.<init>(PathAwareEntity.java:12) ~[minecraft-1.17.1-mapped-net.fabricmc.yarn-1.17.1+build.39-v2.jar:?]
	at net.mcbedev.mymod.client.entity.JirachiEntity.<init>(JirachiEntity.java:14) ~[main/:?]
	at net.minecraft.entity.EntityType.create(EntityType.java:475) ~[minecraft-1.17.1-mapped-net.fabricmc.yarn-1.17.1+build.39-v2.jar:?]
	at net.minecraft.entity.EntityType.method_17846(EntityType.java:484) ~[minecraft-1.17.1-mapped-net.fabricmc.yarn-1.17.1+build.39-v2.jar:?]
	at java.util.Optional.map(Optional.java:260) ~[?:?]
	at net.minecraft.entity.EntityType.getEntityFromNbt(EntityType.java:484) ~[minecraft-1.17.1-mapped-net.fabricmc.yarn-1.17.1+build.39-v2.jar:?]
	at net.minecraft.entity.EntityType.loadEntityFromNbt(EntityType.java:577) ~[minecraft-1.17.1-mapped-net.fabricmc.yarn-1.17.1+build.39-v2.jar:?]
	at net.minecraft.entity.EntityType.loadEntityWithPassengers(EntityType.java:528) ~[minecraft-1.17.1-mapped-net.fabricmc.yarn-1.17.1+build.39-v2.jar:?]
	at net.minecraft.server.command.SummonCommand.execute(SummonCommand.java:65) ~[minecraft-1.17.1-mapped-net.fabricmc.yarn-1.17.1+build.39-v2.jar:?]
	at net.minecraft.server.command.SummonCommand.method_13691(SummonCommand.java:42) ~[minecraft-1.17.1-mapped-net.fabricmc.yarn-1.17.1+build.39-v2.jar:?]
	at com.mojang.brigadier.CommandDispatcher.execute(CommandDispatcher.java:263) ~[brigadier-1.0.18.jar:?]
	at com.mojang.brigadier.CommandDispatcher.execute(CommandDispatcher.java:177) ~[brigadier-1.0.18.jar:?]
	at net.minecraft.server.command.CommandManager.execute(CommandManager.java:251) ~[minecraft-1.17.1-mapped-net.fabricmc.yarn-1.17.1+build.39-v2.jar:?]
	at net.minecraft.server.network.ServerPlayNetworkHandler.executeCommand(ServerPlayNetworkHandler.java:1222) ~[minecraft-1.17.1-mapped-net.fabricmc.yarn-1.17.1+build.39-v2.jar:?]
	at net.minecraft.server.network.ServerPlayNetworkHandler.handleMessage(ServerPlayNetworkHandler.java:1206) ~[minecraft-1.17.1-mapped-net.fabricmc.yarn-1.17.1+build.39-v2.jar:?]
	at net.minecraft.server.network.ServerPlayNetworkHandler.onGameMessage(ServerPlayNetworkHandler.java:1189) ~[minecraft-1.17.1-mapped-net.fabricmc.yarn-1.17.1+build.39-v2.jar:?]
	at net.minecraft.network.packet.c2s.play.ChatMessageC2SPacket.apply(ChatMessageC2SPacket.java:30) ~[minecraft-1.17.1-mapped-net.fabricmc.yarn-1.17.1+build.39-v2.jar:?]
	at net.minecraft.network.packet.c2s.play.ChatMessageC2SPacket.apply(ChatMessageC2SPacket.java:7) ~[minecraft-1.17.1-mapped-net.fabricmc.yarn-1.17.1+build.39-v2.jar:?]
	at net.minecraft.network.NetworkThreadUtils.method_11072(NetworkThreadUtils.java:21) ~[minecraft-1.17.1-mapped-net.fabricmc.yarn-1.17.1+build.39-v2.jar:?]
	at net.minecraft.server.ServerTask.run(ServerTask.java:18) ~[minecraft-1.17.1-mapped-net.fabricmc.yarn-1.17.1+build.39-v2.jar:?]
	at net.minecraft.util.thread.ThreadExecutor.executeTask(ThreadExecutor.java:151) ~[minecraft-1.17.1-mapped-net.fabricmc.yarn-1.17.1+build.39-v2.jar:?]
	at net.minecraft.util.thread.ReentrantThreadExecutor.executeTask(ReentrantThreadExecutor.java:23) ~[minecraft-1.17.1-mapped-net.fabricmc.yarn-1.17.1+build.39-v2.jar:?]
	at net.minecraft.server.MinecraftServer.executeTask(MinecraftServer.java:788) ~[minecraft-1.17.1-mapped-net.fabricmc.yarn-1.17.1+build.39-v2.jar:?]
	at net.minecraft.server.MinecraftServer.executeTask(MinecraftServer.java:164) ~[minecraft-1.17.1-mapped-net.fabricmc.yarn-1.17.1+build.39-v2.jar:?]
	at net.minecraft.util.thread.ThreadExecutor.runTask(ThreadExecutor.java:125) ~[minecraft-1.17.1-mapped-net.fabricmc.yarn-1.17.1+build.39-v2.jar:?]
	at net.minecraft.server.MinecraftServer.runOneTask(MinecraftServer.java:770) ~[minecraft-1.17.1-mapped-net.fabricmc.yarn-1.17.1+build.39-v2.jar:?]
	at net.minecraft.server.MinecraftServer.runTask(MinecraftServer.java:764) ~[minecraft-1.17.1-mapped-net.fabricmc.yarn-1.17.1+build.39-v2.jar:?]
	at net.minecraft.util.thread.ThreadExecutor.runTasks(ThreadExecutor.java:110) ~[minecraft-1.17.1-mapped-net.fabricmc.yarn-1.17.1+build.39-v2.jar:?]
	at net.minecraft.server.MinecraftServer.runTasksTillTickEnd(MinecraftServer.java:748) ~[minecraft-1.17.1-mapped-net.fabricmc.yarn-1.17.1+build.39-v2.jar:?]
	at net.minecraft.server.MinecraftServer.runServer(MinecraftServer.java:701) ~[minecraft-1.17.1-mapped-net.fabricmc.yarn-1.17.1+build.39-v2.jar:?]
	at net.minecraft.server.MinecraftServer.method_29739(MinecraftServer.java:270) ~[minecraft-1.17.1-mapped-net.fabricmc.yarn-1.17.1+build.39-v2.jar:?]
	at java.lang.Thread.run(Thread.java:831) [?:?]
[21:24:25] [Render thread/INFO] (Minecraft) [CHAT] Unable to summon entity
[21:24:26] [Server thread/INFO] (Minecraft) Saving and pausing game...
[21:24:26] [Server thread/INFO] (Minecraft) Saving chunks for level 'ServerLevel[New World]'/minecraft:overworld
[21:24:27] [Server thread/INFO] (Minecraft) Saving chunks for level 'ServerLevel[New World]'/minecraft:the_nether
[21:24:27] [Server thread/INFO] (Minecraft) Saving chunks for level 'ServerLevel[New World]'/minecraft:the_end
[21:24:27] [Render thread/INFO] (Minecraft) Stopping!
[21:24:27] [Server thread/INFO] (Minecraft) Player591 lost connection: Disconnected
[21:24:27] [Server thread/INFO] (Minecraft) Player591 left the game
[21:24:27] [Server thread/INFO] (Minecraft) Stopping singleplayer server as player logged out
[21:24:27] [Server thread/INFO] (Minecraft) Stopping server
[21:24:27] [Server thread/INFO] (Minecraft) Saving players
[21:24:27] [Server thread/INFO] (Minecraft) Saving worlds
[21:24:27] [Server thread/INFO] (Minecraft) Saving chunks for level 'ServerLevel[New World]'/minecraft:overworld
[21:24:28] [Server thread/INFO] (Minecraft) Saving chunks for level 'ServerLevel[New World]'/minecraft:the_nether
[21:24:28] [Server thread/INFO] (Minecraft) Saving chunks for level 'ServerLevel[New World]'/minecraft:the_end
[21:24:28] [Server thread/INFO] (Minecraft) ThreadedAnvilChunkStorage (New World): All chunks are saved
[21:24:28] [Server thread/INFO] (Minecraft) ThreadedAnvilChunkStorage (DIM-1): All chunks are saved
[21:24:28] [Server thread/INFO] (Minecraft) ThreadedAnvilChunkStorage (DIM1): All chunks are saved
[21:24:28] [Server thread/INFO] (Minecraft) ThreadedAnvilChunkStorage: All dimensions are saved
